<?xml version="1.0" encoding="UTF-8"?>
<testsuite xmlns:xsi="http://www.w3.org/2001/XMLSchema-instance" xsi:noNamespaceSchemaLocation="https://maven.apache.org/surefire/maven-surefire-plugin/xsd/surefire-test-report.xsd" name="LabCanonicalTest" time="6.476" tests="5" errors="1" skipped="0" failures="0">
  <properties>
[...]
</properties>
  <testcase name="testLabExistencePositive" classname="LabCanonicalTest" time="0.388"/>
  <testcase name="testLabExistenceNegative" classname="LabCanonicalTest" time="1.742"/>
  <testcase name="testUpdatePollTrue" classname="LabCanonicalTest" time="2.166">
    <error message=".\teds-workspace.zip" type="java.nio.file.NoSuchFileException">java.nio.file.NoSuchFileException: .\teds-workspace.zip
	at LabCanonicalTest.testUpdatePollTrue(LabCanonicalTest.java:30)
</error>
    <system-out><![CDATA[2023-06-09 14:44:34.611  INFO 43600 --- [           main] Application.App                          : running this command: git ls-remote https://github.com/PEPLabs/teds-workspace
out: 
0
2023-06-09 14:44:35.187  INFO 43600 --- [           main] Application.App                          : running this command: git ls-remote https://github.com/exa-coding-labs/teds-workspace
out: 
0
2023-06-09 14:44:35.749  INFO 43600 --- [           main] Application.App                          : running this command: git ls-remote https://github.com/tedbeast/teds-workspace
out: 63eee7730d225ffc235e737410a507252faafb90	HEAD
63eee7730d225ffc235e737410a507252faafb90	refs/heads/main

103
2023-06-09 14:44:36.096  INFO 43600 --- [           main] Application.App                          : adding as a new canonical: teds-workspace, 63eee7730d225ffc235e737410a507252faafb90, https://github.com/tedbeast/
2023-06-09 14:44:36.097  INFO 43600 --- [           main] Application.App                          : running this command: git clone https://github.com/tedbeast/teds-workspace
]]></system-out>
  </testcase>
  <testcase name="testUpdatePollFalse" classname="LabCanonicalTest" time="1.682"/>
  <testcase name="zipSizeTest" classname="LabCanonicalTest" time="0.496"/>
</testsuite>